<?xml version="1.0" encoding="UTF-8"?>
<testng-results skipped="0" failed="0" ignored="0" total="2" passed="2">
  <reporter-output>
  </reporter-output>
  <suite name="Surefire suite" duration-ms="18707" started-at="2021-08-21T18:55:49Z" finished-at="2021-08-21T18:56:08Z">
    <groups>
    </groups>
    <test name="Surefire test" duration-ms="18707" started-at="2021-08-21T18:55:49Z" finished-at="2021-08-21T18:56:08Z">
      <class name="org.test.DemoTest">
        <test-method status="PASS" signature="setUp()[pri:0, instance:org.test.DemoTest@3cbbc1e0]" name="setUp" is-config="true" duration-ms="2111" started-at="2021-08-21T18:55:49Z" finished-at="2021-08-21T18:55:51Z">
          <reporter-output>
          </reporter-output>
        </test-method> <!-- setUp -->
        <test-method status="PASS" signature="flightTest(java.util.HashMap)[pri:0, instance:org.test.DemoTest@3cbbc1e0]" name="flightTest" duration-ms="7300" started-at="2021-08-21T18:55:52Z" data-provider="getData" finished-at="2021-08-21T18:55:59Z">
          <params>
            <param index="0">
              <value>
                <![CDATA[{destination=HYD, destination2=BLR, origin=MAA}]]>
              </value>
            </param>
          </params>
          <reporter-output>
          </reporter-output>
        </test-method> <!-- flightTest -->
        <test-method status="PASS" signature="flightTest(java.util.HashMap)[pri:0, instance:org.test.DemoTest@3cbbc1e0]" name="flightTest" duration-ms="7543" started-at="2021-08-21T18:55:59Z" data-provider="getData" finished-at="2021-08-21T18:56:06Z">
          <params>
            <param index="0">
              <value>
                <![CDATA[{destination=HYD, destination2=MAA, origin=DEL}]]>
              </value>
            </param>
          </params>
          <reporter-output>
          </reporter-output>
        </test-method> <!-- flightTest -->
        <test-method status="PASS" signature="tearDown()[pri:0, instance:org.test.DemoTest@3cbbc1e0]" name="tearDown" is-config="true" duration-ms="1343" started-at="2021-08-21T18:56:06Z" finished-at="2021-08-21T18:56:08Z">
          <reporter-output>
          </reporter-output>
        </test-method> <!-- tearDown -->
      </class> <!-- org.test.DemoTest -->
    </test> <!-- Surefire test -->
  </suite> <!-- Surefire suite -->
</testng-results>
